Copyright 1986-2018 Xilinx, Inc. All Rights Reserved.
---------------------------------------------------------------------------------------
| Tool Version : Vivado v.2018.2 (win64) Build 2258646 Thu Jun 14 20:03:12 MDT 2018
| Date         : Tue Oct  1 15:47:09 2019
| Host         : DESKTOP-3EC4Q02 running 64-bit major release  (build 9200)
| Command      : report_control_sets -verbose -file Controller_control_sets_placed.rpt
| Design       : Controller
| Device       : xc7a100t
---------------------------------------------------------------------------------------

Control Set Information

Table of Contents
-----------------
1. Summary
2. Histogram
3. Flip-Flop Distribution
4. Detailed Control Set Information

1. Summary
----------

+----------------------------------------------------------+-------+
|                          Status                          | Count |
+----------------------------------------------------------+-------+
| Number of unique control sets                            |     5 |
| Unused register locations in slices containing registers |    16 |
+----------------------------------------------------------+-------+


2. Histogram
------------

+--------+--------------+
| Fanout | Control Sets |
+--------+--------------+
|      6 |            1 |
|    16+ |            4 |
+--------+--------------+


3. Flip-Flop Distribution
-------------------------

+--------------+-----------------------+------------------------+-----------------+--------------+
| Clock Enable | Synchronous Set/Reset | Asynchronous Set/Reset | Total Registers | Total Slices |
+--------------+-----------------------+------------------------+-----------------+--------------+
| No           | No                    | No                     |              36 |           14 |
| No           | No                    | Yes                    |               0 |            0 |
| No           | Yes                   | No                     |              26 |            6 |
| Yes          | No                    | No                     |               0 |            0 |
| Yes          | No                    | Yes                    |               0 |            0 |
| Yes          | Yes                   | No                     |              58 |            9 |
+--------------+-----------------------+------------------------+-----------------+--------------+


4. Detailed Control Set Information
-----------------------------------

+----------------------+----------------+----------------------+------------------+----------------+
|     Clock Signal     |  Enable Signal |   Set/Reset Signal   | Slice Load Count | Bel Load Count |
+----------------------+----------------+----------------------+------------------+----------------+
|  VSync/HS/Write      |                | VSync/HS/VGA_B[3]    |                3 |              6 |
|  clk/inst/pixelClock |                | VSync/HS/clear       |                3 |             20 |
|  clk/inst/pixelClock | VSync/HS/E[0]  | VSync/HS/SR[0]       |                4 |             20 |
|  clk/inst/pixelClock |                |                      |               14 |             36 |
|  clk/inst/pixelClock | VSync/HS/Write | VSync/HS/tellerdata0 |                5 |             38 |
+----------------------+----------------+----------------------+------------------+----------------+


