
*** Running vivado
    with args -log VideoMemory.vds -m64 -product Vivado -mode batch -messageDb vivado.pb -notrace -source VideoMemory.tcl


****** Vivado v2018.2 (64-bit)
  **** SW Build 2258646 on Thu Jun 14 20:03:12 MDT 2018
  **** IP Build 2256618 on Thu Jun 14 22:10:49 MDT 2018
    ** Copyright 1986-2018 Xilinx, Inc. All Rights Reserved.

source VideoMemory.tcl -notrace
Command: synth_design -top VideoMemory -part xc7a100tcsg324-1 -mode out_of_context
Starting synth_design
Attempting to get a license for feature 'Synthesis' and/or device 'xc7a100t'
INFO: [Common 17-349] Got license for feature 'Synthesis' and/or device 'xc7a100t'
INFO: Launching helper process for spawning children vivado processes
INFO: Helper process launched with PID 5076 
---------------------------------------------------------------------------------
Starting RTL Elaboration : Time (s): cpu = 00:00:04 ; elapsed = 00:00:06 . Memory (MB): peak = 404.211 ; gain = 100.016
---------------------------------------------------------------------------------
INFO: [Synth 8-638] synthesizing module 'VideoMemory' [c:/Users/Wout/Documents/School/3 digitale Elektronica/project1/mem/synth/VideoMemory.vhd:74]
	Parameter C_FAMILY bound to: artix7 - type: string 
	Parameter C_XDEVICEFAMILY bound to: artix7 - type: string 
	Parameter C_ELABORATION_DIR bound to: ./ - type: string 
	Parameter C_INTERFACE_TYPE bound to: 0 - type: integer 
	Parameter C_AXI_TYPE bound to: 1 - type: integer 
	Parameter C_AXI_SLAVE_TYPE bound to: 0 - type: integer 
	Parameter C_USE_BRAM_BLOCK bound to: 0 - type: integer 
	Parameter C_ENABLE_32BIT_ADDRESS bound to: 0 - type: integer 
	Parameter C_CTRL_ECC_ALGO bound to: NONE - type: string 
	Parameter C_HAS_AXI_ID bound to: 0 - type: integer 
	Parameter C_AXI_ID_WIDTH bound to: 4 - type: integer 
	Parameter C_MEM_TYPE bound to: 2 - type: integer 
	Parameter C_BYTE_SIZE bound to: 9 - type: integer 
	Parameter C_ALGORITHM bound to: 1 - type: integer 
	Parameter C_PRIM_TYPE bound to: 1 - type: integer 
	Parameter C_LOAD_INIT_FILE bound to: 1 - type: integer 
	Parameter C_INIT_FILE_NAME bound to: VideoMemory.mif - type: string 
	Parameter C_INIT_FILE bound to: VideoMemory.mem - type: string 
	Parameter C_USE_DEFAULT_DATA bound to: 0 - type: integer 
	Parameter C_DEFAULT_DATA bound to: 0 - type: string 
	Parameter C_HAS_RSTA bound to: 0 - type: integer 
	Parameter C_RST_PRIORITY_A bound to: CE - type: string 
	Parameter C_RSTRAM_A bound to: 0 - type: integer 
	Parameter C_INITA_VAL bound to: 0 - type: string 
	Parameter C_HAS_ENA bound to: 0 - type: integer 
	Parameter C_HAS_REGCEA bound to: 0 - type: integer 
	Parameter C_USE_BYTE_WEA bound to: 0 - type: integer 
	Parameter C_WEA_WIDTH bound to: 1 - type: integer 
	Parameter C_WRITE_MODE_A bound to: WRITE_FIRST - type: string 
	Parameter C_WRITE_WIDTH_A bound to: 3 - type: integer 
	Parameter C_READ_WIDTH_A bound to: 3 - type: integer 
	Parameter C_WRITE_DEPTH_A bound to: 307200 - type: integer 
	Parameter C_READ_DEPTH_A bound to: 307200 - type: integer 
	Parameter C_ADDRA_WIDTH bound to: 19 - type: integer 
	Parameter C_HAS_RSTB bound to: 0 - type: integer 
	Parameter C_RST_PRIORITY_B bound to: CE - type: string 
	Parameter C_RSTRAM_B bound to: 0 - type: integer 
	Parameter C_INITB_VAL bound to: 0 - type: string 
	Parameter C_HAS_ENB bound to: 0 - type: integer 
	Parameter C_HAS_REGCEB bound to: 0 - type: integer 
	Parameter C_USE_BYTE_WEB bound to: 0 - type: integer 
	Parameter C_WEB_WIDTH bound to: 1 - type: integer 
	Parameter C_WRITE_MODE_B bound to: WRITE_FIRST - type: string 
	Parameter C_WRITE_WIDTH_B bound to: 3 - type: integer 
	Parameter C_READ_WIDTH_B bound to: 3 - type: integer 
	Parameter C_WRITE_DEPTH_B bound to: 307200 - type: integer 
	Parameter C_READ_DEPTH_B bound to: 307200 - type: integer 
	Parameter C_ADDRB_WIDTH bound to: 19 - type: integer 
	Parameter C_HAS_MEM_OUTPUT_REGS_A bound to: 1 - type: integer 
	Parameter C_HAS_MEM_OUTPUT_REGS_B bound to: 1 - type: integer 
	Parameter C_HAS_MUX_OUTPUT_REGS_A bound to: 0 - type: integer 
	Parameter C_HAS_MUX_OUTPUT_REGS_B bound to: 0 - type: integer 
	Parameter C_MUX_PIPELINE_STAGES bound to: 0 - type: integer 
	Parameter C_HAS_SOFTECC_INPUT_REGS_A bound to: 0 - type: integer 
	Parameter C_HAS_SOFTECC_OUTPUT_REGS_B bound to: 0 - type: integer 
	Parameter C_USE_SOFTECC bound to: 0 - type: integer 
	Parameter C_USE_ECC bound to: 0 - type: integer 
	Parameter C_EN_ECC_PIPE bound to: 0 - type: integer 
	Parameter C_HAS_INJECTERR bound to: 0 - type: integer 
	Parameter C_SIM_COLLISION_CHECK bound to: ALL - type: string 
	Parameter C_COMMON_CLK bound to: 0 - type: integer 
	Parameter C_DISABLE_WARN_BHV_COLL bound to: 0 - type: integer 
	Parameter C_EN_SLEEP_PIN bound to: 0 - type: integer 
	Parameter C_USE_URAM bound to: 0 - type: integer 
	Parameter C_EN_RDADDRA_CHG bound to: 0 - type: integer 
	Parameter C_EN_RDADDRB_CHG bound to: 0 - type: integer 
	Parameter C_EN_DEEPSLEEP_PIN bound to: 0 - type: integer 
	Parameter C_EN_SHUTDOWN_PIN bound to: 0 - type: integer 
	Parameter C_EN_SAFETY_CKT bound to: 0 - type: integer 
	Parameter C_DISABLE_WARN_BHV_RANGE bound to: 0 - type: integer 
	Parameter C_COUNT_36K_BRAM bound to: 28 - type: string 
	Parameter C_COUNT_18K_BRAM bound to: 1 - type: string 
	Parameter C_EST_POWER_SUMMARY bound to: Estimated Power for IP     :     8.436377 mW - type: string 
INFO: [Synth 8-3491] module 'blk_mem_gen_v8_4_1' declared at 'c:/Users/Wout/Documents/School/3 digitale Elektronica/project1/mem/hdl/blk_mem_gen_v8_4_vhsyn_rfs.vhd:195313' bound to instance 'U0' of component 'blk_mem_gen_v8_4_1' [c:/Users/Wout/Documents/School/3 digitale Elektronica/project1/mem/synth/VideoMemory.vhd:243]
INFO: [Synth 8-256] done synthesizing module 'VideoMemory' (11#1) [c:/Users/Wout/Documents/School/3 digitale Elektronica/project1/mem/synth/VideoMemory.vhd:74]
WARNING: [Synth 8-3331] design blk_mem_gen_mux__parameterized0 has unconnected port MUX_RST[0]
WARNING: [Synth 8-3331] design blk_mem_gen_mux__parameterized0 has unconnected port MEM_LAT_RST
WARNING: [Synth 8-3331] design blk_mem_gen_mux__parameterized0 has unconnected port MUX_REGCE[0]
WARNING: [Synth 8-3331] design blk_mem_gen_mux__parameterized0 has unconnected port WE
WARNING: [Synth 8-3331] design blk_mem_gen_mux__parameterized0 has unconnected port ADDR_IN[18]
WARNING: [Synth 8-3331] design blk_mem_gen_mux__parameterized0 has unconnected port ADDR_IN[17]
WARNING: [Synth 8-3331] design blk_mem_gen_mux__parameterized0 has unconnected port ADDR_IN[16]
WARNING: [Synth 8-3331] design blk_mem_gen_mux__parameterized0 has unconnected port ADDR_IN[15]
WARNING: [Synth 8-3331] design blk_mem_gen_mux__parameterized0 has unconnected port ADDR_IN[14]
WARNING: [Synth 8-3331] design blk_mem_gen_mux__parameterized0 has unconnected port ADDR_IN[13]
WARNING: [Synth 8-3331] design blk_mem_gen_mux__parameterized0 has unconnected port ADDR_IN[12]
WARNING: [Synth 8-3331] design blk_mem_gen_mux__parameterized0 has unconnected port ADDR_IN[11]
WARNING: [Synth 8-3331] design blk_mem_gen_mux__parameterized0 has unconnected port ADDR_IN[10]
WARNING: [Synth 8-3331] design blk_mem_gen_mux__parameterized0 has unconnected port ADDR_IN[9]
WARNING: [Synth 8-3331] design blk_mem_gen_mux__parameterized0 has unconnected port ADDR_IN[8]
WARNING: [Synth 8-3331] design blk_mem_gen_mux__parameterized0 has unconnected port ADDR_IN[7]
WARNING: [Synth 8-3331] design blk_mem_gen_mux__parameterized0 has unconnected port ADDR_IN[6]
WARNING: [Synth 8-3331] design blk_mem_gen_mux__parameterized0 has unconnected port ADDR_IN[5]
WARNING: [Synth 8-3331] design blk_mem_gen_mux__parameterized0 has unconnected port ADDR_IN[4]
WARNING: [Synth 8-3331] design blk_mem_gen_mux__parameterized0 has unconnected port ADDR_IN[3]
WARNING: [Synth 8-3331] design blk_mem_gen_mux__parameterized0 has unconnected port ADDR_IN[2]
WARNING: [Synth 8-3331] design blk_mem_gen_mux__parameterized0 has unconnected port ADDR_IN[1]
WARNING: [Synth 8-3331] design blk_mem_gen_mux__parameterized0 has unconnected port ADDR_IN[0]
WARNING: [Synth 8-3331] design blk_mem_gen_mux__parameterized0 has unconnected port SBITERRIN[95]
WARNING: [Synth 8-3331] design blk_mem_gen_mux__parameterized0 has unconnected port SBITERRIN[94]
WARNING: [Synth 8-3331] design blk_mem_gen_mux__parameterized0 has unconnected port SBITERRIN[93]
WARNING: [Synth 8-3331] design blk_mem_gen_mux__parameterized0 has unconnected port SBITERRIN[92]
WARNING: [Synth 8-3331] design blk_mem_gen_mux__parameterized0 has unconnected port SBITERRIN[91]
WARNING: [Synth 8-3331] design blk_mem_gen_mux__parameterized0 has unconnected port SBITERRIN[90]
WARNING: [Synth 8-3331] design blk_mem_gen_mux__parameterized0 has unconnected port SBITERRIN[89]
WARNING: [Synth 8-3331] design blk_mem_gen_mux__parameterized0 has unconnected port SBITERRIN[88]
WARNING: [Synth 8-3331] design blk_mem_gen_mux__parameterized0 has unconnected port SBITERRIN[87]
WARNING: [Synth 8-3331] design blk_mem_gen_mux__parameterized0 has unconnected port SBITERRIN[86]
WARNING: [Synth 8-3331] design blk_mem_gen_mux__parameterized0 has unconnected port SBITERRIN[85]
WARNING: [Synth 8-3331] design blk_mem_gen_mux__parameterized0 has unconnected port SBITERRIN[84]
WARNING: [Synth 8-3331] design blk_mem_gen_mux__parameterized0 has unconnected port SBITERRIN[83]
WARNING: [Synth 8-3331] design blk_mem_gen_mux__parameterized0 has unconnected port SBITERRIN[82]
WARNING: [Synth 8-3331] design blk_mem_gen_mux__parameterized0 has unconnected port SBITERRIN[81]
WARNING: [Synth 8-3331] design blk_mem_gen_mux__parameterized0 has unconnected port SBITERRIN[80]
WARNING: [Synth 8-3331] design blk_mem_gen_mux__parameterized0 has unconnected port SBITERRIN[79]
WARNING: [Synth 8-3331] design blk_mem_gen_mux__parameterized0 has unconnected port SBITERRIN[78]
WARNING: [Synth 8-3331] design blk_mem_gen_mux__parameterized0 has unconnected port SBITERRIN[77]
WARNING: [Synth 8-3331] design blk_mem_gen_mux__parameterized0 has unconnected port SBITERRIN[76]
WARNING: [Synth 8-3331] design blk_mem_gen_mux__parameterized0 has unconnected port SBITERRIN[75]
WARNING: [Synth 8-3331] design blk_mem_gen_mux__parameterized0 has unconnected port SBITERRIN[74]
WARNING: [Synth 8-3331] design blk_mem_gen_mux__parameterized0 has unconnected port SBITERRIN[73]
WARNING: [Synth 8-3331] design blk_mem_gen_mux__parameterized0 has unconnected port SBITERRIN[72]
WARNING: [Synth 8-3331] design blk_mem_gen_mux__parameterized0 has unconnected port SBITERRIN[71]
WARNING: [Synth 8-3331] design blk_mem_gen_mux__parameterized0 has unconnected port SBITERRIN[70]
WARNING: [Synth 8-3331] design blk_mem_gen_mux__parameterized0 has unconnected port SBITERRIN[69]
WARNING: [Synth 8-3331] design blk_mem_gen_mux__parameterized0 has unconnected port SBITERRIN[68]
WARNING: [Synth 8-3331] design blk_mem_gen_mux__parameterized0 has unconnected port SBITERRIN[67]
WARNING: [Synth 8-3331] design blk_mem_gen_mux__parameterized0 has unconnected port SBITERRIN[66]
WARNING: [Synth 8-3331] design blk_mem_gen_mux__parameterized0 has unconnected port SBITERRIN[65]
WARNING: [Synth 8-3331] design blk_mem_gen_mux__parameterized0 has unconnected port SBITERRIN[64]
WARNING: [Synth 8-3331] design blk_mem_gen_mux__parameterized0 has unconnected port SBITERRIN[63]
WARNING: [Synth 8-3331] design blk_mem_gen_mux__parameterized0 has unconnected port SBITERRIN[62]
WARNING: [Synth 8-3331] design blk_mem_gen_mux__parameterized0 has unconnected port SBITERRIN[61]
WARNING: [Synth 8-3331] design blk_mem_gen_mux__parameterized0 has unconnected port SBITERRIN[60]
WARNING: [Synth 8-3331] design blk_mem_gen_mux__parameterized0 has unconnected port SBITERRIN[59]
WARNING: [Synth 8-3331] design blk_mem_gen_mux__parameterized0 has unconnected port SBITERRIN[58]
WARNING: [Synth 8-3331] design blk_mem_gen_mux__parameterized0 has unconnected port SBITERRIN[57]
WARNING: [Synth 8-3331] design blk_mem_gen_mux__parameterized0 has unconnected port SBITERRIN[56]
WARNING: [Synth 8-3331] design blk_mem_gen_mux__parameterized0 has unconnected port SBITERRIN[55]
WARNING: [Synth 8-3331] design blk_mem_gen_mux__parameterized0 has unconnected port SBITERRIN[54]
WARNING: [Synth 8-3331] design blk_mem_gen_mux__parameterized0 has unconnected port SBITERRIN[53]
WARNING: [Synth 8-3331] design blk_mem_gen_mux__parameterized0 has unconnected port SBITERRIN[52]
WARNING: [Synth 8-3331] design blk_mem_gen_mux__parameterized0 has unconnected port SBITERRIN[51]
WARNING: [Synth 8-3331] design blk_mem_gen_mux__parameterized0 has unconnected port SBITERRIN[50]
WARNING: [Synth 8-3331] design blk_mem_gen_mux__parameterized0 has unconnected port SBITERRIN[49]
WARNING: [Synth 8-3331] design blk_mem_gen_mux__parameterized0 has unconnected port SBITERRIN[48]
WARNING: [Synth 8-3331] design blk_mem_gen_mux__parameterized0 has unconnected port SBITERRIN[47]
WARNING: [Synth 8-3331] design blk_mem_gen_mux__parameterized0 has unconnected port SBITERRIN[46]
WARNING: [Synth 8-3331] design blk_mem_gen_mux__parameterized0 has unconnected port SBITERRIN[45]
WARNING: [Synth 8-3331] design blk_mem_gen_mux__parameterized0 has unconnected port SBITERRIN[44]
WARNING: [Synth 8-3331] design blk_mem_gen_mux__parameterized0 has unconnected port SBITERRIN[43]
WARNING: [Synth 8-3331] design blk_mem_gen_mux__parameterized0 has unconnected port SBITERRIN[42]
WARNING: [Synth 8-3331] design blk_mem_gen_mux__parameterized0 has unconnected port SBITERRIN[41]
WARNING: [Synth 8-3331] design blk_mem_gen_mux__parameterized0 has unconnected port SBITERRIN[40]
WARNING: [Synth 8-3331] design blk_mem_gen_mux__parameterized0 has unconnected port SBITERRIN[39]
WARNING: [Synth 8-3331] design blk_mem_gen_mux__parameterized0 has unconnected port SBITERRIN[38]
WARNING: [Synth 8-3331] design blk_mem_gen_mux__parameterized0 has unconnected port SBITERRIN[37]
WARNING: [Synth 8-3331] design blk_mem_gen_mux__parameterized0 has unconnected port SBITERRIN[36]
WARNING: [Synth 8-3331] design blk_mem_gen_mux__parameterized0 has unconnected port SBITERRIN[35]
WARNING: [Synth 8-3331] design blk_mem_gen_mux__parameterized0 has unconnected port SBITERRIN[34]
WARNING: [Synth 8-3331] design blk_mem_gen_mux__parameterized0 has unconnected port SBITERRIN[33]
WARNING: [Synth 8-3331] design blk_mem_gen_mux__parameterized0 has unconnected port SBITERRIN[32]
WARNING: [Synth 8-3331] design blk_mem_gen_mux__parameterized0 has unconnected port SBITERRIN[31]
WARNING: [Synth 8-3331] design blk_mem_gen_mux__parameterized0 has unconnected port SBITERRIN[30]
WARNING: [Synth 8-3331] design blk_mem_gen_mux__parameterized0 has unconnected port SBITERRIN[29]
WARNING: [Synth 8-3331] design blk_mem_gen_mux__parameterized0 has unconnected port SBITERRIN[28]
WARNING: [Synth 8-3331] design blk_mem_gen_mux__parameterized0 has unconnected port SBITERRIN[27]
WARNING: [Synth 8-3331] design blk_mem_gen_mux__parameterized0 has unconnected port SBITERRIN[26]
WARNING: [Synth 8-3331] design blk_mem_gen_mux__parameterized0 has unconnected port SBITERRIN[25]
WARNING: [Synth 8-3331] design blk_mem_gen_mux__parameterized0 has unconnected port SBITERRIN[24]
WARNING: [Synth 8-3331] design blk_mem_gen_mux__parameterized0 has unconnected port SBITERRIN[23]
WARNING: [Synth 8-3331] design blk_mem_gen_mux__parameterized0 has unconnected port SBITERRIN[22]
WARNING: [Synth 8-3331] design blk_mem_gen_mux__parameterized0 has unconnected port SBITERRIN[21]
WARNING: [Synth 8-3331] design blk_mem_gen_mux__parameterized0 has unconnected port SBITERRIN[20]
WARNING: [Synth 8-3331] design blk_mem_gen_mux__parameterized0 has unconnected port SBITERRIN[19]
INFO: [Common 17-14] Message 'Synth 8-3331' appears 100 times and further instances of the messages will be disabled. Use the Tcl command set_msg_config to change the current settings.
---------------------------------------------------------------------------------
Finished RTL Elaboration : Time (s): cpu = 00:01:10 ; elapsed = 00:01:13 . Memory (MB): peak = 722.105 ; gain = 417.910
---------------------------------------------------------------------------------

Report Check Netlist: 
+------+------------------+-------+---------+-------+------------------+
|      |Item              |Errors |Warnings |Status |Description       |
+------+------------------+-------+---------+-------+------------------+
|1     |multi_driven_nets |      0|        0|Passed |Multi driven nets |
+------+------------------+-------+---------+-------+------------------+
---------------------------------------------------------------------------------
Start Handling Custom Attributes
---------------------------------------------------------------------------------
---------------------------------------------------------------------------------
Finished Handling Custom Attributes : Time (s): cpu = 00:01:11 ; elapsed = 00:01:13 . Memory (MB): peak = 722.105 ; gain = 417.910
---------------------------------------------------------------------------------
---------------------------------------------------------------------------------
Finished RTL Optimization Phase 1 : Time (s): cpu = 00:01:11 ; elapsed = 00:01:13 . Memory (MB): peak = 722.105 ; gain = 417.910
---------------------------------------------------------------------------------
INFO: [Netlist 29-17] Analyzing 29 Unisim elements for replacement
INFO: [Netlist 29-28] Unisim Transformation completed in 0 CPU seconds
INFO: [Device 21-403] Loading part xc7a100tcsg324-1
INFO: [Project 1-570] Preparing netlist for logic optimization

Processing XDC Constraints
Initializing timing engine
Parsing XDC File [c:/Users/Wout/Documents/School/3 digitale Elektronica/project1/mem/VideoMemory_ooc.xdc] for cell 'U0'
Finished Parsing XDC File [c:/Users/Wout/Documents/School/3 digitale Elektronica/project1/mem/VideoMemory_ooc.xdc] for cell 'U0'
Parsing XDC File [C:/Users/Wout/Documents/School/3 digitale Elektronica/project1/project1.runs/VideoMemory_synth_1/dont_touch.xdc]
Finished Parsing XDC File [C:/Users/Wout/Documents/School/3 digitale Elektronica/project1/project1.runs/VideoMemory_synth_1/dont_touch.xdc]
Completed Processing XDC Constraints

INFO: [Project 1-111] Unisim Transformation Summary:
No Unisim elements were transformed.

Constraint Validation Runtime : Time (s): cpu = 00:00:00 ; elapsed = 00:00:00.022 . Memory (MB): peak = 830.594 ; gain = 1.320
---------------------------------------------------------------------------------
Finished Constraint Validation : Time (s): cpu = 00:01:18 ; elapsed = 00:01:23 . Memory (MB): peak = 830.594 ; gain = 526.398
---------------------------------------------------------------------------------
---------------------------------------------------------------------------------
Start Loading Part and Timing Information
---------------------------------------------------------------------------------
Loading part: xc7a100tcsg324-1
---------------------------------------------------------------------------------
Finished Loading Part and Timing Information : Time (s): cpu = 00:01:18 ; elapsed = 00:01:23 . Memory (MB): peak = 830.594 ; gain = 526.398
---------------------------------------------------------------------------------
---------------------------------------------------------------------------------
Start Applying 'set_property' XDC Constraints
---------------------------------------------------------------------------------
Applied set_property DONT_TOUCH = true for U0. (constraint file  {C:/Users/Wout/Documents/School/3 digitale Elektronica/project1/project1.runs/VideoMemory_synth_1/dont_touch.xdc}, line 9).
---------------------------------------------------------------------------------
Finished applying 'set_property' XDC Constraints : Time (s): cpu = 00:01:18 ; elapsed = 00:01:23 . Memory (MB): peak = 830.594 ; gain = 526.398
---------------------------------------------------------------------------------
---------------------------------------------------------------------------------
Finished RTL Optimization Phase 2 : Time (s): cpu = 00:01:19 ; elapsed = 00:01:23 . Memory (MB): peak = 830.594 ; gain = 526.398
---------------------------------------------------------------------------------

Report RTL Partitions: 
+-+--------------+------------+----------+
| |RTL Partition |Replication |Instances |
+-+--------------+------------+----------+
+-+--------------+------------+----------+
---------------------------------------------------------------------------------
Start RTL Component Statistics 
---------------------------------------------------------------------------------
Detailed RTL Component Info : 
+---Registers : 
	               19 Bit    Registers := 2     
	                5 Bit    Registers := 4     
+---Muxes : 
	   2 Input      1 Bit        Muxes := 66    
---------------------------------------------------------------------------------
Finished RTL Component Statistics 
---------------------------------------------------------------------------------
---------------------------------------------------------------------------------
Start RTL Hierarchical Component Statistics 
---------------------------------------------------------------------------------
Hierarchical RTL Component report 
Module bindec 
Detailed RTL Component Info : 
+---Muxes : 
	   2 Input      1 Bit        Muxes := 32    
Module blk_mem_gen_mux 
Detailed RTL Component Info : 
+---Registers : 
	               19 Bit    Registers := 1     
	                5 Bit    Registers := 2     
+---Muxes : 
	   2 Input      1 Bit        Muxes := 1     
Module blk_mem_gen_mux__parameterized0 
Detailed RTL Component Info : 
+---Registers : 
	               19 Bit    Registers := 1     
	                5 Bit    Registers := 2     
+---Muxes : 
	   2 Input      1 Bit        Muxes := 1     
---------------------------------------------------------------------------------
Finished RTL Hierarchical Component Statistics
---------------------------------------------------------------------------------
---------------------------------------------------------------------------------
Start Part Resource Summary
---------------------------------------------------------------------------------
Part Resources:
DSPs: 240 (col length:80)
BRAMs: 270 (col length: RAMB18 80 RAMB36 40)
---------------------------------------------------------------------------------
Finished Part Resource Summary
---------------------------------------------------------------------------------
---------------------------------------------------------------------------------
Start Cross Boundary and Area Optimization
---------------------------------------------------------------------------------
Warning: Parallel synthesis criteria is not met 
INFO: [Synth 8-5546] ROM "inst_blk_mem_gen/gnbram.gnativebmg.native_blk_mem_gen/valid.cstr/bindec_a.bindec_inst_a/ENOUT" won't be mapped to RAM because it is too sparse
INFO: [Synth 8-5546] ROM "inst_blk_mem_gen/gnbram.gnativebmg.native_blk_mem_gen/valid.cstr/bindec_a.bindec_inst_a/ENOUT" won't be mapped to RAM because it is too sparse
INFO: [Synth 8-5546] ROM "inst_blk_mem_gen/gnbram.gnativebmg.native_blk_mem_gen/valid.cstr/bindec_a.bindec_inst_a/ENOUT" won't be mapped to RAM because it is too sparse
INFO: [Synth 8-5546] ROM "inst_blk_mem_gen/gnbram.gnativebmg.native_blk_mem_gen/valid.cstr/bindec_a.bindec_inst_a/ENOUT" won't be mapped to RAM because it is too sparse
INFO: [Synth 8-5546] ROM "inst_blk_mem_gen/gnbram.gnativebmg.native_blk_mem_gen/valid.cstr/bindec_a.bindec_inst_a/ENOUT" won't be mapped to RAM because it is too sparse
INFO: [Synth 8-5546] ROM "inst_blk_mem_gen/gnbram.gnativebmg.native_blk_mem_gen/valid.cstr/bindec_a.bindec_inst_a/ENOUT" won't be mapped to RAM because it is too sparse
INFO: [Synth 8-5546] ROM "inst_blk_mem_gen/gnbram.gnativebmg.native_blk_mem_gen/valid.cstr/bindec_a.bindec_inst_a/ENOUT" won't be mapped to RAM because it is too sparse
INFO: [Synth 8-5546] ROM "inst_blk_mem_gen/gnbram.gnativebmg.native_blk_mem_gen/valid.cstr/bindec_a.bindec_inst_a/ENOUT" won't be mapped to RAM because it is too sparse
INFO: [Synth 8-5546] ROM "inst_blk_mem_gen/gnbram.gnativebmg.native_blk_mem_gen/valid.cstr/bindec_a.bindec_inst_a/ENOUT" won't be mapped to RAM because it is too sparse
INFO: [Synth 8-5546] ROM "inst_blk_mem_gen/gnbram.gnativebmg.native_blk_mem_gen/valid.cstr/bindec_a.bindec_inst_a/ENOUT" won't be mapped to RAM because it is too sparse
INFO: [Synth 8-5546] ROM "inst_blk_mem_gen/gnbram.gnativebmg.native_blk_mem_gen/valid.cstr/bindec_a.bindec_inst_a/ENOUT" won't be mapped to RAM because it is too sparse
INFO: [Synth 8-5546] ROM "inst_blk_mem_gen/gnbram.gnativebmg.native_blk_mem_gen/valid.cstr/bindec_a.bindec_inst_a/ENOUT" won't be mapped to RAM because it is too sparse
INFO: [Synth 8-5546] ROM "inst_blk_mem_gen/gnbram.gnativebmg.native_blk_mem_gen/valid.cstr/bindec_a.bindec_inst_a/ENOUT" won't be mapped to RAM because it is too sparse
INFO: [Synth 8-5546] ROM "inst_blk_mem_gen/gnbram.gnativebmg.native_blk_mem_gen/valid.cstr/bindec_a.bindec_inst_a/ENOUT" won't be mapped to RAM because it is too sparse
INFO: [Synth 8-5546] ROM "inst_blk_mem_gen/gnbram.gnativebmg.native_blk_mem_gen/valid.cstr/bindec_a.bindec_inst_a/ENOUT" won't be mapped to RAM because it is too sparse
INFO: [Synth 8-5546] ROM "inst_blk_mem_gen/gnbram.gnativebmg.native_blk_mem_gen/valid.cstr/bindec_a.bindec_inst_a/ENOUT" won't be mapped to RAM because it is too sparse
INFO: [Synth 8-5546] ROM "inst_blk_mem_gen/gnbram.gnativebmg.native_blk_mem_gen/valid.cstr/bindec_a.bindec_inst_a/ENOUT" won't be mapped to RAM because it is too sparse
INFO: [Synth 8-5546] ROM "inst_blk_mem_gen/gnbram.gnativebmg.native_blk_mem_gen/valid.cstr/bindec_a.bindec_inst_a/ENOUT" won't be mapped to RAM because it is too sparse
INFO: [Synth 8-5546] ROM "inst_blk_mem_gen/gnbram.gnativebmg.native_blk_mem_gen/valid.cstr/bindec_a.bindec_inst_a/ENOUT" won't be mapped to RAM because it is too sparse
INFO: [Synth 8-5546] ROM "inst_blk_mem_gen/gnbram.gnativebmg.native_blk_mem_gen/valid.cstr/bindec_b.bindec_inst_b/ENOUT" won't be mapped to RAM because it is too sparse
INFO: [Synth 8-5546] ROM "inst_blk_mem_gen/gnbram.gnativebmg.native_blk_mem_gen/valid.cstr/bindec_b.bindec_inst_b/ENOUT" won't be mapped to RAM because it is too sparse
INFO: [Synth 8-5546] ROM "inst_blk_mem_gen/gnbram.gnativebmg.native_blk_mem_gen/valid.cstr/bindec_b.bindec_inst_b/ENOUT" won't be mapped to RAM because it is too sparse
INFO: [Synth 8-5546] ROM "inst_blk_mem_gen/gnbram.gnativebmg.native_blk_mem_gen/valid.cstr/bindec_b.bindec_inst_b/ENOUT" won't be mapped to RAM because it is too sparse
INFO: [Synth 8-5546] ROM "inst_blk_mem_gen/gnbram.gnativebmg.native_blk_mem_gen/valid.cstr/bindec_b.bindec_inst_b/ENOUT" won't be mapped to RAM because it is too sparse
INFO: [Synth 8-5546] ROM "inst_blk_mem_gen/gnbram.gnativebmg.native_blk_mem_gen/valid.cstr/bindec_b.bindec_inst_b/ENOUT" won't be mapped to RAM because it is too sparse
INFO: [Synth 8-5546] ROM "inst_blk_mem_gen/gnbram.gnativebmg.native_blk_mem_gen/valid.cstr/bindec_b.bindec_inst_b/ENOUT" won't be mapped to RAM because it is too sparse
INFO: [Synth 8-5546] ROM "inst_blk_mem_gen/gnbram.gnativebmg.native_blk_mem_gen/valid.cstr/bindec_b.bindec_inst_b/ENOUT" won't be mapped to RAM because it is too sparse
INFO: [Synth 8-5546] ROM "inst_blk_mem_gen/gnbram.gnativebmg.native_blk_mem_gen/valid.cstr/bindec_b.bindec_inst_b/ENOUT" won't be mapped to RAM because it is too sparse
INFO: [Synth 8-5546] ROM "inst_blk_mem_gen/gnbram.gnativebmg.native_blk_mem_gen/valid.cstr/bindec_b.bindec_inst_b/ENOUT" won't be mapped to RAM because it is too sparse
INFO: [Synth 8-5546] ROM "inst_blk_mem_gen/gnbram.gnativebmg.native_blk_mem_gen/valid.cstr/bindec_b.bindec_inst_b/ENOUT" won't be mapped to RAM because it is too sparse
INFO: [Synth 8-5546] ROM "inst_blk_mem_gen/gnbram.gnativebmg.native_blk_mem_gen/valid.cstr/bindec_b.bindec_inst_b/ENOUT" won't be mapped to RAM because it is too sparse
INFO: [Synth 8-5546] ROM "inst_blk_mem_gen/gnbram.gnativebmg.native_blk_mem_gen/valid.cstr/bindec_b.bindec_inst_b/ENOUT" won't be mapped to RAM because it is too sparse
INFO: [Synth 8-5546] ROM "inst_blk_mem_gen/gnbram.gnativebmg.native_blk_mem_gen/valid.cstr/bindec_b.bindec_inst_b/ENOUT" won't be mapped to RAM because it is too sparse
INFO: [Synth 8-5546] ROM "inst_blk_mem_gen/gnbram.gnativebmg.native_blk_mem_gen/valid.cstr/bindec_b.bindec_inst_b/ENOUT" won't be mapped to RAM because it is too sparse
INFO: [Synth 8-5546] ROM "inst_blk_mem_gen/gnbram.gnativebmg.native_blk_mem_gen/valid.cstr/bindec_b.bindec_inst_b/ENOUT" won't be mapped to RAM because it is too sparse
INFO: [Synth 8-5546] ROM "inst_blk_mem_gen/gnbram.gnativebmg.native_blk_mem_gen/valid.cstr/bindec_b.bindec_inst_b/ENOUT" won't be mapped to RAM because it is too sparse
INFO: [Synth 8-5546] ROM "inst_blk_mem_gen/gnbram.gnativebmg.native_blk_mem_gen/valid.cstr/bindec_b.bindec_inst_b/ENOUT" won't be mapped to RAM because it is too sparse
INFO: [Synth 8-5546] ROM "inst_blk_mem_gen/gnbram.gnativebmg.native_blk_mem_gen/valid.cstr/bindec_b.bindec_inst_b/ENOUT" won't be mapped to RAM because it is too sparse
---------------------------------------------------------------------------------
Finished Cross Boundary and Area Optimization : Time (s): cpu = 00:01:20 ; elapsed = 00:01:24 . Memory (MB): peak = 830.594 ; gain = 526.398
---------------------------------------------------------------------------------

Report RTL Partitions: 
+-+--------------+------------+----------+
| |RTL Partition |Replication |Instances |
+-+--------------+------------+----------+
+-+--------------+------------+----------+
---------------------------------------------------------------------------------
Start Applying XDC Timing Constraints
---------------------------------------------------------------------------------
---------------------------------------------------------------------------------
Finished Applying XDC Timing Constraints : Time (s): cpu = 00:01:27 ; elapsed = 00:01:33 . Memory (MB): peak = 849.879 ; gain = 545.684
---------------------------------------------------------------------------------
---------------------------------------------------------------------------------
Start Timing Optimization
---------------------------------------------------------------------------------
---------------------------------------------------------------------------------
Finished Timing Optimization : Time (s): cpu = 00:01:27 ; elapsed = 00:01:33 . Memory (MB): peak = 851.922 ; gain = 547.727
---------------------------------------------------------------------------------

Report RTL Partitions: 
+-+--------------+------------+----------+
| |RTL Partition |Replication |Instances |
+-+--------------+------------+----------+
+-+--------------+------------+----------+
---------------------------------------------------------------------------------
Start Technology Mapping
---------------------------------------------------------------------------------
---------------------------------------------------------------------------------
Finished Technology Mapping : Time (s): cpu = 00:01:27 ; elapsed = 00:01:33 . Memory (MB): peak = 864.008 ; gain = 559.813
---------------------------------------------------------------------------------

Report RTL Partitions: 
+-+--------------+------------+----------+
| |RTL Partition |Replication |Instances |
+-+--------------+------------+----------+
+-+--------------+------------+----------+
---------------------------------------------------------------------------------
Start IO Insertion
---------------------------------------------------------------------------------
---------------------------------------------------------------------------------
Start Flattening Before IO Insertion
---------------------------------------------------------------------------------
---------------------------------------------------------------------------------
Finished Flattening Before IO Insertion
---------------------------------------------------------------------------------
---------------------------------------------------------------------------------
Start Final Netlist Cleanup
---------------------------------------------------------------------------------
---------------------------------------------------------------------------------
Finished Final Netlist Cleanup
---------------------------------------------------------------------------------
---------------------------------------------------------------------------------
Finished IO Insertion : Time (s): cpu = 00:01:28 ; elapsed = 00:01:33 . Memory (MB): peak = 864.008 ; gain = 559.813
---------------------------------------------------------------------------------

Report Check Netlist: 
+------+------------------+-------+---------+-------+------------------+
|      |Item              |Errors |Warnings |Status |Description       |
+------+------------------+-------+---------+-------+------------------+
|1     |multi_driven_nets |      0|        0|Passed |Multi driven nets |
+------+------------------+-------+---------+-------+------------------+
---------------------------------------------------------------------------------
Start Renaming Generated Instances
---------------------------------------------------------------------------------
---------------------------------------------------------------------------------
Finished Renaming Generated Instances : Time (s): cpu = 00:01:28 ; elapsed = 00:01:33 . Memory (MB): peak = 864.008 ; gain = 559.813
---------------------------------------------------------------------------------

Report RTL Partitions: 
+-+--------------+------------+----------+
| |RTL Partition |Replication |Instances |
+-+--------------+------------+----------+
+-+--------------+------------+----------+
---------------------------------------------------------------------------------
Start Rebuilding User Hierarchy
---------------------------------------------------------------------------------
---------------------------------------------------------------------------------
Finished Rebuilding User Hierarchy : Time (s): cpu = 00:01:28 ; elapsed = 00:01:34 . Memory (MB): peak = 864.008 ; gain = 559.813
---------------------------------------------------------------------------------
---------------------------------------------------------------------------------
Start Renaming Generated Ports
---------------------------------------------------------------------------------
---------------------------------------------------------------------------------
Finished Renaming Generated Ports : Time (s): cpu = 00:01:28 ; elapsed = 00:01:34 . Memory (MB): peak = 864.008 ; gain = 559.813
---------------------------------------------------------------------------------
---------------------------------------------------------------------------------
Start Handling Custom Attributes
---------------------------------------------------------------------------------
---------------------------------------------------------------------------------
Finished Handling Custom Attributes : Time (s): cpu = 00:01:28 ; elapsed = 00:01:34 . Memory (MB): peak = 864.008 ; gain = 559.813
---------------------------------------------------------------------------------
---------------------------------------------------------------------------------
Start Renaming Generated Nets
---------------------------------------------------------------------------------
---------------------------------------------------------------------------------
Finished Renaming Generated Nets : Time (s): cpu = 00:01:28 ; elapsed = 00:01:34 . Memory (MB): peak = 864.008 ; gain = 559.813
---------------------------------------------------------------------------------
---------------------------------------------------------------------------------
Start Writing Synthesis Report
---------------------------------------------------------------------------------

Report BlackBoxes: 
+-+--------------+----------+
| |BlackBox name |Instances |
+-+--------------+----------+
+-+--------------+----------+

Report Cell Usage: 
+------+------------+------+
|      |Cell        |Count |
+------+------------+------+
|1     |LUT3        |     8|
|2     |LUT4        |     2|
|3     |LUT5        |     2|
|4     |LUT6        |    12|
|5     |MUXF7       |     6|
|6     |RAMB18E1    |     1|
|7     |RAMB36E1    |     1|
|8     |RAMB36E1_1  |     1|
|9     |RAMB36E1_10 |     1|
|10    |RAMB36E1_11 |     1|
|11    |RAMB36E1_12 |     1|
|12    |RAMB36E1_13 |     1|
|13    |RAMB36E1_14 |     1|
|14    |RAMB36E1_15 |     1|
|15    |RAMB36E1_16 |     1|
|16    |RAMB36E1_17 |     1|
|17    |RAMB36E1_18 |     1|
|18    |RAMB36E1_19 |     1|
|19    |RAMB36E1_2  |     1|
|20    |RAMB36E1_20 |     1|
|21    |RAMB36E1_21 |     1|
|22    |RAMB36E1_22 |     1|
|23    |RAMB36E1_23 |     1|
|24    |RAMB36E1_24 |     1|
|25    |RAMB36E1_25 |     1|
|26    |RAMB36E1_26 |     1|
|27    |RAMB36E1_27 |     1|
|28    |RAMB36E1_3  |     1|
|29    |RAMB36E1_4  |     1|
|30    |RAMB36E1_5  |     1|
|31    |RAMB36E1_6  |     1|
|32    |RAMB36E1_7  |     1|
|33    |RAMB36E1_8  |     1|
|34    |RAMB36E1_9  |     1|
|35    |FDRE        |    20|
+------+------------+------+

Report Instance Areas: 
+------+---------------------------------------------+-----------------------------------------------+------+
|      |Instance                                     |Module                                         |Cells |
+------+---------------------------------------------+-----------------------------------------------+------+
|1     |top                                          |                                               |    79|
|2     |  U0                                         |blk_mem_gen_v8_4_1                             |    79|
|3     |    inst_blk_mem_gen                         |blk_mem_gen_v8_4_1_synth                       |    79|
|4     |      \gnbram.gnativebmg.native_blk_mem_gen  |blk_mem_gen_top                                |    79|
|5     |        \valid.cstr                          |blk_mem_gen_generic_cstr                       |    79|
|6     |          \bindec_a.bindec_inst_a            |bindec                                         |     1|
|7     |          \bindec_b.bindec_inst_b            |bindec_0                                       |     1|
|8     |          \has_mux_a.A                       |blk_mem_gen_mux                                |    19|
|9     |          \has_mux_b.B                       |blk_mem_gen_mux__parameterized0                |    19|
|10    |          \ramloop[0].ram.r                  |blk_mem_gen_prim_width                         |     2|
|11    |            \prim_init.ram                   |blk_mem_gen_prim_wrapper_init                  |     2|
|12    |          \ramloop[10].ram.r                 |blk_mem_gen_prim_width__parameterized9         |     3|
|13    |            \prim_init.ram                   |blk_mem_gen_prim_wrapper_init__parameterized9  |     3|
|14    |          \ramloop[11].ram.r                 |blk_mem_gen_prim_width__parameterized10        |     1|
|15    |            \prim_init.ram                   |blk_mem_gen_prim_wrapper_init__parameterized10 |     1|
|16    |          \ramloop[12].ram.r                 |blk_mem_gen_prim_width__parameterized11        |     2|
|17    |            \prim_init.ram                   |blk_mem_gen_prim_wrapper_init__parameterized11 |     2|
|18    |          \ramloop[13].ram.r                 |blk_mem_gen_prim_width__parameterized12        |     2|
|19    |            \prim_init.ram                   |blk_mem_gen_prim_wrapper_init__parameterized12 |     2|
|20    |          \ramloop[14].ram.r                 |blk_mem_gen_prim_width__parameterized13        |     2|
|21    |            \prim_init.ram                   |blk_mem_gen_prim_wrapper_init__parameterized13 |     2|
|22    |          \ramloop[15].ram.r                 |blk_mem_gen_prim_width__parameterized14        |     2|
|23    |            \prim_init.ram                   |blk_mem_gen_prim_wrapper_init__parameterized14 |     2|
|24    |          \ramloop[16].ram.r                 |blk_mem_gen_prim_width__parameterized15        |     1|
|25    |            \prim_init.ram                   |blk_mem_gen_prim_wrapper_init__parameterized15 |     1|
|26    |          \ramloop[1].ram.r                  |blk_mem_gen_prim_width__parameterized0         |     2|
|27    |            \prim_init.ram                   |blk_mem_gen_prim_wrapper_init__parameterized0  |     2|
|28    |          \ramloop[2].ram.r                  |blk_mem_gen_prim_width__parameterized1         |     2|
|29    |            \prim_init.ram                   |blk_mem_gen_prim_wrapper_init__parameterized1  |     2|
|30    |          \ramloop[3].ram.r                  |blk_mem_gen_prim_width__parameterized2         |     2|
|31    |            \prim_init.ram                   |blk_mem_gen_prim_wrapper_init__parameterized2  |     2|
|32    |          \ramloop[4].ram.r                  |blk_mem_gen_prim_width__parameterized3         |     1|
|33    |            \prim_init.ram                   |blk_mem_gen_prim_wrapper_init__parameterized3  |     1|
|34    |          \ramloop[5].ram.r                  |blk_mem_gen_prim_width__parameterized4         |     1|
|35    |            \prim_init.ram                   |blk_mem_gen_prim_wrapper_init__parameterized4  |     1|
|36    |          \ramloop[6].ram.r                  |blk_mem_gen_prim_width__parameterized5         |     2|
|37    |            \prim_init.ram                   |blk_mem_gen_prim_wrapper_init__parameterized5  |     2|
|38    |          \ramloop[7].ram.r                  |blk_mem_gen_prim_width__parameterized6         |     2|
|39    |            \prim_init.ram                   |blk_mem_gen_prim_wrapper_init__parameterized6  |     2|
|40    |          \ramloop[8].ram.r                  |blk_mem_gen_prim_width__parameterized7         |     2|
|41    |            \prim_init.ram                   |blk_mem_gen_prim_wrapper_init__parameterized7  |     2|
|42    |          \ramloop[9].ram.r                  |blk_mem_gen_prim_width__parameterized8         |     2|
|43    |            \prim_init.ram                   |blk_mem_gen_prim_wrapper_init__parameterized8  |     2|
+------+---------------------------------------------+-----------------------------------------------+------+
---------------------------------------------------------------------------------
Finished Writing Synthesis Report : Time (s): cpu = 00:01:28 ; elapsed = 00:01:34 . Memory (MB): peak = 864.008 ; gain = 559.813
---------------------------------------------------------------------------------
Synthesis finished with 0 errors, 0 critical warnings and 123 warnings.
Synthesis Optimization Runtime : Time (s): cpu = 00:00:11 ; elapsed = 00:01:26 . Memory (MB): peak = 864.008 ; gain = 451.324
Synthesis Optimization Complete : Time (s): cpu = 00:01:28 ; elapsed = 00:01:34 . Memory (MB): peak = 864.008 ; gain = 559.813
INFO: [Project 1-571] Translating synthesized netlist
INFO: [Netlist 29-17] Analyzing 35 Unisim elements for replacement
INFO: [Netlist 29-28] Unisim Transformation completed in 0 CPU seconds
INFO: [Project 1-570] Preparing netlist for logic optimization
INFO: [Opt 31-138] Pushed 0 inverter(s) to 0 load pin(s).
INFO: [Project 1-111] Unisim Transformation Summary:
No Unisim elements were transformed.

INFO: [Common 17-83] Releasing license: Synthesis
55 Infos, 100 Warnings, 0 Critical Warnings and 0 Errors encountered.
synth_design completed successfully
synth_design: Time (s): cpu = 00:01:30 ; elapsed = 00:01:36 . Memory (MB): peak = 876.309 ; gain = 583.586
WARNING: [Constraints 18-5210] No constraint will be written out.
INFO: [Common 17-1381] The checkpoint 'C:/Users/Wout/Documents/School/3 digitale Elektronica/project1/project1.runs/VideoMemory_synth_1/VideoMemory.dcp' has been generated.
